Determining if the pthread_create exist failed with the following output:
Change Dir: /home/adam/dev/tin/Charades/cpp_client/cmake-build-debug/CMakeFiles/CMakeTmp

Run Build Command:"/usr/bin/make" "cmTC_a679c/fast"
/usr/bin/make -f CMakeFiles/cmTC_a679c.dir/build.make CMakeFiles/cmTC_a679c.dir/build
make[1]: Wejście do katalogu '/home/adam/dev/tin/Charades/cpp_client/cmake-build-debug/CMakeFiles/CMakeTmp'
Building C object CMakeFiles/cmTC_a679c.dir/CheckSymbolExists.c.o
/usr/bin/cc    -o CMakeFiles/cmTC_a679c.dir/CheckSymbolExists.c.o   -c /home/adam/dev/tin/Charades/cpp_client/cmake-build-debug/CMakeFiles/CMakeTmp/CheckSymbolExists.c
Linking C executable cmTC_a679c
/home/adam/clion-2018.2.6/bin/cmake/linux/bin/cmake -E cmake_link_script CMakeFiles/cmTC_a679c.dir/link.txt --verbose=1
/usr/bin/cc      CMakeFiles/cmTC_a679c.dir/CheckSymbolExists.c.o  -o cmTC_a679c 
CMakeFiles/cmTC_a679c.dir/CheckSymbolExists.c.o: In function `main':
CheckSymbolExists.c:(.text+0x16): undefined reference to `pthread_create'
collect2: error: ld returned 1 exit status
CMakeFiles/cmTC_a679c.dir/build.make:86: polecenia dla obiektu 'cmTC_a679c' nie powiodły się
make[1]: *** [cmTC_a679c] Błąd 1
make[1]: Opuszczenie katalogu '/home/adam/dev/tin/Charades/cpp_client/cmake-build-debug/CMakeFiles/CMakeTmp'
Makefile:121: polecenia dla obiektu 'cmTC_a679c/fast' nie powiodły się
make: *** [cmTC_a679c/fast] Błąd 2

File /home/adam/dev/tin/Charades/cpp_client/cmake-build-debug/CMakeFiles/CMakeTmp/CheckSymbolExists.c:
/* */
#include <pthread.h>

int main(int argc, char** argv)
{
  (void)argv;
#ifndef pthread_create
  return ((int*)(&pthread_create))[argc];
#else
  (void)argc;
  return 0;
#endif
}

Determining if the function pthread_create exists in the pthreads failed with the following output:
Change Dir: /home/adam/dev/tin/Charades/cpp_client/cmake-build-debug/CMakeFiles/CMakeTmp

Run Build Command:"/usr/bin/make" "cmTC_fef91/fast"
/usr/bin/make -f CMakeFiles/cmTC_fef91.dir/build.make CMakeFiles/cmTC_fef91.dir/build
make[1]: Wejście do katalogu '/home/adam/dev/tin/Charades/cpp_client/cmake-build-debug/CMakeFiles/CMakeTmp'
Building C object CMakeFiles/cmTC_fef91.dir/CheckFunctionExists.c.o
/usr/bin/cc   -DCHECK_FUNCTION_EXISTS=pthread_create   -o CMakeFiles/cmTC_fef91.dir/CheckFunctionExists.c.o   -c /home/adam/clion-2018.2.6/bin/cmake/linux/share/cmake-3.12/Modules/CheckFunctionExists.c
Linking C executable cmTC_fef91
/home/adam/clion-2018.2.6/bin/cmake/linux/bin/cmake -E cmake_link_script CMakeFiles/cmTC_fef91.dir/link.txt --verbose=1
/usr/bin/cc  -DCHECK_FUNCTION_EXISTS=pthread_create    CMakeFiles/cmTC_fef91.dir/CheckFunctionExists.c.o  -o cmTC_fef91 -lpthreads 
/usr/bin/ld: cannot find -lpthreads
collect2: error: ld returned 1 exit status
CMakeFiles/cmTC_fef91.dir/build.make:86: polecenia dla obiektu 'cmTC_fef91' nie powiodły się
make[1]: *** [cmTC_fef91] Błąd 1
make[1]: Opuszczenie katalogu '/home/adam/dev/tin/Charades/cpp_client/cmake-build-debug/CMakeFiles/CMakeTmp'
Makefile:121: polecenia dla obiektu 'cmTC_fef91/fast' nie powiodły się
make: *** [cmTC_fef91/fast] Błąd 2


